kotlin version: 2.2.10
error message: java.lang.RuntimeException: Exception while generating code for:
FUN name:DraggableDateRangePicker-QMuTD5c visibility:public modality:FINAL returnType:kotlin.Unit
  VALUE_PARAMETER kind:Regular name:modifier index:0 type:androidx.compose.ui.Modifier
    EXPRESSION_BODY
      ERROR_EXPR 'Default Stub' type=androidx.compose.ui.Modifier
  VALUE_PARAMETER kind:Regular name:state index:1 type:com.inc.adv.draggabledaterangepicker.datePickerState.DraggableDateRangePickerState
  VALUE_PARAMETER kind:Regular name:colors index:2 type:com.inc.adv.draggabledaterangepicker.model.CalendarColors
    EXPRESSION_BODY
      ERROR_EXPR 'Default Stub' type=com.inc.adv.draggabledaterangepicker.model.CalendarColors
  VALUE_PARAMETER kind:Regular name:calendarTextStyles index:3 type:com.inc.adv.draggabledaterangepicker.model.CalendarTextStyles
    EXPRESSION_BODY
      ERROR_EXPR 'Default Stub' type=com.inc.adv.draggabledaterangepicker.model.CalendarTextStyles
  VALUE_PARAMETER kind:Regular name:weekendDays index:4 type:kotlin.collections.List<java.time.DayOfWeek>
    EXPRESSION_BODY
      ERROR_EXPR 'Default Stub' type=kotlin.collections.List<java.time.DayOfWeek>
  VALUE_PARAMETER kind:Regular name:startYear index:5 type:kotlin.Int
    EXPRESSION_BODY
      ERROR_EXPR 'Default Stub' type=kotlin.Int
  VALUE_PARAMETER kind:Regular name:endYear index:6 type:kotlin.Int
    EXPRESSION_BODY
      ERROR_EXPR 'Default Stub' type=kotlin.Int
  VALUE_PARAMETER kind:Regular name:cellSize index:7 type:androidx.compose.ui.unit.Dp
    EXPRESSION_BODY
      ERROR_EXPR 'Default Stub' type=androidx.compose.ui.unit.Dp
  annotations:
    OptIn(markerClass = [CLASS_REFERENCE 'CLASS IR_EXTERNAL_DECLARATION_STUB ANNOTATION_CLASS name:ExperimentalFoundationApi modality:OPEN visibility:public superTypes:[kotlin.Annotation]' type=kotlin.reflect.KClass<androidx.compose.foundation.ExperimentalFoundationApi>] type=kotlin.Array<out kotlin.reflect.KClass<out kotlin.Annotation>> varargElementType=kotlin.reflect.KClass<out kotlin.Annotation>)
    Composable
  BLOCK_BODY
    VAR name:finalStyles type:com.inc.adv.draggabledaterangepicker.model.CalendarTextStyles [val]
      CALL 'public final fun remember <T> (key1: kotlin.Any?, key2: kotlin.Any?, calculation: @[DisallowComposableCalls] kotlin.Function0<T of androidx.compose.runtime.ComposablesKt.remember>): T of androidx.compose.runtime.ComposablesKt.remember [inline] declared in androidx.compose.runtime.ComposablesKt' type=com.inc.adv.draggabledaterangepicker.model.CalendarTextStyles origin=null
        TYPE_ARG T: com.inc.adv.draggabledaterangepicker.model.CalendarTextStyles
        ARG key1: GET_VAR 'colors: com.inc.adv.draggabledaterangepicker.model.CalendarColors declared in com.devrj.draggabledatepicker.ui.DraggableDateRangePickerKt.DraggableDateRangePicker-QMuTD5c' type=com.inc.adv.draggabledaterangepicker.model.CalendarColors origin=null
        ARG key2: GET_VAR 'calendarTextStyles: com.inc.adv.draggabledaterangepicker.model.CalendarTextStyles declared in com.devrj.draggabledatepicker.ui.DraggableDateRangePickerKt.DraggableDateRangePicker-QMuTD5c' type=com.inc.adv.draggabledaterangepicker.model.CalendarTextStyles origin=null
        ARG calculation: BLOCK type=kotlin.Function0<com.inc.adv.draggabledaterangepicker.model.CalendarTextStyles> origin=LAMBDA
          COMPOSITE type=kotlin.Unit origin=null
          FUNCTION_REFERENCE 'private final fun DraggableDateRangePicker_QMuTD5c$lambda$0 ($calendarTextStyles: com.inc.adv.draggabledaterangepicker.model.CalendarTextStyles, $colors: com.inc.adv.draggabledaterangepicker.model.CalendarColors): com.inc.adv.draggabledaterangepicker.model.CalendarTextStyles declared in com.devrj.draggabledatepicker.ui.DraggableDateRangePickerKt' type=kotlin.Function0<com.inc.adv.draggabledaterangepicker.model.CalendarTextStyles> origin=INLINE_LAMBDA reflectionTarget=null
            ARG $calendarTextStyles: GET_VAR 'calendarTextStyles: com.inc.adv.draggabledaterangepicker.model.CalendarTextStyles declared in com.devrj.draggabledatepicker.ui.DraggableDateRangePickerKt.DraggableDateRangePicker-QMuTD5c' type=com.inc.adv.draggabledaterangepicker.model.CalendarTextStyles origin=null
            ARG $colors: GET_VAR 'colors: com.inc.adv.draggabledaterangepicker.model.CalendarColors declared in com.devrj.draggabledatepicker.ui.DraggableDateRangePickerKt.DraggableDateRangePicker-QMuTD5c' type=com.inc.adv.draggabledaterangepicker.model.CalendarColors origin=null
    VAR name:monthsList type:kotlin.collections.MutableList<kotlin.Pair<kotlin.Int, kotlin.Int>> [val]
      CALL 'public final fun remember <T> (key1: kotlin.Any?, key2: kotlin.Any?, calculation: @[DisallowComposableCalls] kotlin.Function0<T of androidx.compose.runtime.ComposablesKt.remember>): T of androidx.compose.runtime.ComposablesKt.remember [inline] declared in androidx.compose.runtime.ComposablesKt' type=kotlin.collections.MutableList<kotlin.Pair<kotlin.Int, kotlin.Int>> origin=null
        TYPE_ARG T: kotlin.collections.MutableList<kotlin.Pair<kotlin.Int, kotlin.Int>>
        ARG key1: GET_VAR 'startYear: kotlin.Int declared in com.devrj.draggabledatepicker.ui.DraggableDateRangePickerKt.DraggableDateRangePicker-QMuTD5c' type=kotlin.Int origin=null
        ARG key2: GET_VAR 'endYear: kotlin.Int declared in com.devrj.draggabledatepicker.ui.DraggableDateRangePickerKt.DraggableDateRangePicker-QMuTD5c' type=kotlin.Int origin=null
        ARG calculation: BLOCK type=kotlin.Function0<kotlin.collections.MutableList<kotlin.Pair<kotlin.Int, kotlin.Int>>> origin=LAMBDA
          COMPOSITE type=kotlin.Unit origin=null
          FUNCTION_REFERENCE 'private final fun DraggableDateRangePicker_QMuTD5c$lambda$1 ($startYear: kotlin.Int, $endYear: kotlin.Int): kotlin.collections.MutableList<kotlin.Pair<kotlin.Int, kotlin.Int>> declared in com.devrj.draggabledatepicker.ui.DraggableDateRangePickerKt' type=kotlin.Function0<kotlin.collections.MutableList<kotlin.Pair<kotlin.Int, kotlin.Int>>> origin=INLINE_LAMBDA reflectionTarget=null
            ARG $startYear: GET_VAR 'startYear: kotlin.Int declared in com.devrj.draggabledatepicker.ui.DraggableDateRangePickerKt.DraggableDateRangePicker-QMuTD5c' type=kotlin.Int origin=null
            ARG $endYear: GET_VAR 'endYear: kotlin.Int declared in com.devrj.draggabledatepicker.ui.DraggableDateRangePickerKt.DraggableDateRangePicker-QMuTD5c' type=kotlin.Int origin=null
    CALL 'public final fun LazyColumn$default (modifier: androidx.compose.ui.Modifier?, state: androidx.compose.foundation.lazy.LazyListState?, contentPadding: androidx.compose.foundation.layout.PaddingValues?, reverseLayout: kotlin.Boolean, verticalArrangement: androidx.compose.foundation.layout.Arrangement.Vertical?, horizontalAlignment: androidx.compose.ui.Alignment.Horizontal?, flingBehavior: androidx.compose.foundation.gestures.FlingBehavior?, userScrollEnabled: kotlin.Boolean, content: @[ExtensionFunctionType] kotlin.Function1<androidx.compose.foundation.lazy.LazyListScope, kotlin.Unit>, $mask0: kotlin.Int, $handler: kotlin.Any?): kotlin.Unit declared in androidx.compose.foundation.lazy.LazyDslKt' type=kotlin.Unit origin=DEFAULT_DISPATCH_CALL
      ARG modifier: GET_VAR 'modifier: androidx.compose.ui.Modifier declared in com.devrj.draggabledatepicker.ui.DraggableDateRangePickerKt.DraggableDateRangePicker-QMuTD5c' type=androidx.compose.ui.Modifier origin=null
      ARG state: COMPOSITE type=androidx.compose.foundation.lazy.LazyListState? origin=DEFAULT_VALUE
        CONST Null type=androidx.compose.foundation.lazy.LazyListState? value=null
      ARG contentPadding: COMPOSITE type=androidx.compose.foundation.layout.PaddingValues? origin=DEFAULT_VALUE
        CONST Null type=androidx.compose.foundation.layout.PaddingValues? value=null
      ARG reverseLayout: COMPOSITE type=kotlin.Boolean origin=DEFAULT_VALUE
        CONST Boolean type=kotlin.Boolean value=false
      ARG verticalArrangement: CALL 'public final fun spacedBy-0680j_4 (space: androidx.compose.ui.unit.Dp): androidx.compose.foundation.layout.Arrangement.HorizontalOrVertical declared in androidx.compose.foundation.layout.Arrangement' type=androidx.compose.foundation.layout.Arrangement.HorizontalOrVertical origin=null
        ARG <this>: GET_FIELD 'FIELD FIELD_FOR_OBJECT_INSTANCE name:INSTANCE type:androidx.compose.foundation.layout.Arrangement visibility:public [final,static] declared in androidx.compose.foundation.layout.Arrangement' type=androidx.compose.foundation.layout.Arrangement origin=null
        ARG space: CALL 'public final fun <get-dp> (<this>: kotlin.Int): androidx.compose.ui.unit.Dp [inline] declared in androidx.compose.ui.unit.DpKt' type=androidx.compose.ui.unit.Dp origin=GET_PROPERTY
          ARG <this>: CONST Int type=kotlin.Int value=16
      ARG horizontalAlignment: COMPOSITE type=androidx.compose.ui.Alignment.Horizontal? origin=DEFAULT_VALUE
        CONST Null type=androidx.compose.ui.Alignment.Horizontal? value=null
      ARG flingBehavior: COMPOSITE type=androidx.compose.foundation.gestures.FlingBehavior? origin=DEFAULT_VALUE
        CONST Null type=androidx.compose.foundation.gestures.FlingBehavior? value=null
      ARG userScrollEnabled: COMPOSITE type=kotlin.Boolean origin=DEFAULT_VALUE
        CONST Boolean type=kotlin.Boolean value=false
      ARG content: BLOCK type=@[ExtensionFunctionType] kotlin.Function1<androidx.compose.foundation.lazy.LazyListScope, kotlin.Unit> origin=LAMBDA
        COMPOSITE type=kotlin.Unit origin=null
        CALL 'public final fun <jvm-indy> <T> (dynamicCall: T of kotlin.jvm.internal.<jvm-indy>, bootstrapMethodHandle: kotlin.Any, vararg bootstrapMethodArguments: kotlin.Any): T of kotlin.jvm.internal.<jvm-indy> declared in kotlin.jvm.internal' type=@[ExtensionFunctionType] kotlin.Function1<androidx.compose.foundation.lazy.LazyListScope, kotlin.Unit> origin=null
          TYPE_ARG T: @[ExtensionFunctionType] kotlin.Function1<androidx.compose.foundation.lazy.LazyListScope, kotlin.Unit>
          ARG dynamicCall: CALL 'public final fun invoke (p0: kotlin.collections.MutableList<kotlin.Pair<kotlin.Int, kotlin.Int>>, p1: com.inc.adv.draggabledaterangepicker.model.CalendarTextStyles, p2: com.inc.adv.draggabledaterangepicker.datePickerState.DraggableDateRangePickerState, p3: androidx.compose.ui.unit.Dp, p4: com.inc.adv.draggabledaterangepicker.model.CalendarColors, p5: kotlin.collections.List<java.time.DayOfWeek>): @[ExtensionFunctionType] kotlin.Function1<androidx.compose.foundation.lazy.LazyListScope, kotlin.Unit> declared in kotlin.jvm.internal.invokeDynamic' type=@[ExtensionFunctionType] kotlin.Function1<androidx.compose.foundation.lazy.LazyListScope, kotlin.Unit> origin=null
            ARG p0: GET_VAR 'val monthsList: kotlin.collections.MutableList<kotlin.Pair<kotlin.Int, kotlin.Int>> [val] declared in com.devrj.draggabledatepicker.ui.DraggableDateRangePickerKt.DraggableDateRangePicker-QMuTD5c' type=kotlin.collections.MutableList<kotlin.Pair<kotlin.Int, kotlin.Int>> origin=null
            ARG p1: GET_VAR 'val finalStyles: com.inc.adv.draggabledaterangepicker.model.CalendarTextStyles [val] declared in com.devrj.draggabledatepicker.ui.DraggableDateRangePickerKt.DraggableDateRangePicker-QMuTD5c' type=com.inc.adv.draggabledaterangepicker.model.CalendarTextStyles origin=null
            ARG p2: GET_VAR 'state: com.inc.adv.draggabledaterangepicker.datePickerState.DraggableDateRangePickerState declared in com.devrj.draggabledatepicker.ui.DraggableDateRangePickerKt.DraggableDateRangePicker-QMuTD5c' type=com.inc.adv.draggabledaterangepicker.datePickerState.DraggableDateRangePickerState origin=null
            ARG p3: GET_VAR 'cellSize: androidx.compose.ui.unit.Dp declared in com.devrj.draggabledatepicker.ui.DraggableDateRangePickerKt.DraggableDateRangePicker-QMuTD5c' type=androidx.compose.ui.unit.Dp origin=null
            ARG p4: GET_VAR 'colors: com.inc.adv.draggabledaterangepicker.model.CalendarColors declared in com.devrj.draggabledatepicker.ui.DraggableDateRangePickerKt.DraggableDateRangePicker-QMuTD5c' type=com.inc.adv.draggabledaterangepicker.model.CalendarColors origin=null
            ARG p5: GET_VAR 'weekendDays: kotlin.collections.List<java.time.DayOfWeek> declared in com.devrj.draggabledatepicker.ui.DraggableDateRangePickerKt.DraggableDateRangePicker-QMuTD5c' type=kotlin.collections.List<java.time.DayOfWeek> origin=null
          ARG bootstrapMethodHandle: CALL 'public final fun <jvm-method-handle> (tag: kotlin.Int, owner: kotlin.String, name: kotlin.String, descriptor: kotlin.String, isInterface: kotlin.Boolean): kotlin.Any declared in kotlin.jvm.internal' type=kotlin.Any origin=null
            ARG tag: CONST Int type=kotlin.Int value=6
            ARG owner: CONST String type=kotlin.String value="java/lang/invoke/LambdaMetafactory"
            ARG name: CONST String type=kotlin.String value="metafactory"
            ARG descriptor: CONST String type=kotlin.String value="(Ljava/lang/invoke/MethodHandles$Lookup;Ljava/lang/String;Ljava/lang/invoke/MethodType;Ljava/lang/invoke/MethodType;Ljava/lang/invoke/MethodHandle;Ljava/lang/invoke/MethodType;)Ljava/lang/invoke/CallSite;"
            ARG isInterface: CONST Boolean type=kotlin.Boolean value=false
          ARG bootstrapMethodArguments: VARARG type=kotlin.Array<kotlin.Any> varargElementType=kotlin.Any
            CALL 'public final fun <jvm-original-method-type> (method: kotlin.Any): kotlin.Any declared in kotlin.jvm.internal' type=kotlin.Any origin=null
              ARG method: RAW_FUNCTION_REFERENCE 'public abstract fun invoke (p1: P1 of kotlin.Function1): R of kotlin.Function1 [operator] declared in kotlin.Function1' type=kotlin.Any
            RAW_FUNCTION_REFERENCE 'private final fun DraggableDateRangePicker_QMuTD5c$lambda$5 ($monthsList: kotlin.collections.MutableList<kotlin.Pair<kotlin.Int, kotlin.Int>>, $finalStyles: com.inc.adv.draggabledaterangepicker.model.CalendarTextStyles, $state: com.inc.adv.draggabledaterangepicker.datePickerState.DraggableDateRangePickerState, $cellSize: androidx.compose.ui.unit.Dp, $colors: com.inc.adv.draggabledaterangepicker.model.CalendarColors, $weekendDays: kotlin.collections.List<java.time.DayOfWeek>, $this$LazyColumn: androidx.compose.foundation.lazy.LazyListScope): kotlin.Unit? declared in com.devrj.draggabledatepicker.ui.DraggableDateRangePickerKt' type=kotlin.Any
            CALL 'public final fun <jvm-original-method-type> (method: kotlin.Any): kotlin.Any declared in kotlin.jvm.internal' type=kotlin.Any origin=null
              ARG method: RAW_FUNCTION_REFERENCE 'public abstract fun invoke (p1: androidx.compose.foundation.lazy.LazyListScope): kotlin.Unit? [fake_override,operator] declared in kotlin.jvm.internal.invokeDynamic.<fake>' type=kotlin.Any
      ARG $mask0: CONST Int type=kotlin.Int value=238
      ARG $handler: CONST Null type=kotlin.Any? value=null

	at org.jetbrains.kotlin.backend.jvm.codegen.FunctionCodegen.generate(FunctionCodegen.kt:50)
	at org.jetbrains.kotlin.backend.jvm.codegen.FunctionCodegen.generate$default(FunctionCodegen.kt:43)
	at org.jetbrains.kotlin.backend.jvm.codegen.ClassCodegen.generateMethodNode(ClassCodegen.kt:422)
	at org.jetbrains.kotlin.backend.jvm.codegen.ClassCodegen.generateMethod(ClassCodegen.kt:439)
	at org.jetbrains.kotlin.backend.jvm.codegen.ClassCodegen.generate(ClassCodegen.kt:164)
	at org.jetbrains.kotlin.backend.jvm.JvmIrCodegenFactory.generateFile(JvmIrCodegenFactory.kt:419)
	at org.jetbrains.kotlin.backend.jvm.JvmIrCodegenFactory.invokeCodegen(JvmIrCodegenFactory.kt:388)
	at org.jetbrains.kotlin.cli.jvm.compiler.KotlinToJVMBytecodeCompiler.runCodegen$cli(KotlinToJVMBytecodeCompiler.kt:431)
	at org.jetbrains.kotlin.cli.pipeline.jvm.JvmBackendPipelinePhase.executePhase(JvmBackendPipelinePhase.kt:95)
	at org.jetbrains.kotlin.cli.pipeline.jvm.JvmBackendPipelinePhase.executePhase(JvmBackendPipelinePhase.kt:36)
	at org.jetbrains.kotlin.cli.pipeline.jvm.JvmBackendPipelinePhase.executePhase(JvmBackendPipelinePhase.kt:29)
	at org.jetbrains.kotlin.cli.pipeline.PipelinePhase.phaseBody(PipelinePhase.kt:68)
	at org.jetbrains.kotlin.cli.pipeline.PipelinePhase.phaseBody(PipelinePhase.kt:58)
	at org.jetbrains.kotlin.config.phaser.NamedCompilerPhase.invoke(CompilerPhase.kt:102)
	at org.jetbrains.kotlin.backend.common.phaser.CompositePhase.invoke(PhaseBuilders.kt:22)
	at org.jetbrains.kotlin.config.phaser.CompilerPhaseKt.invokeToplevel(CompilerPhase.kt:53)
	at org.jetbrains.kotlin.cli.pipeline.AbstractCliPipeline.runPhasedPipeline(AbstractCliPipeline.kt:109)
	at org.jetbrains.kotlin.cli.pipeline.AbstractCliPipeline.execute(AbstractCliPipeline.kt:68)
	at org.jetbrains.kotlin.cli.jvm.K2JVMCompiler.doExecutePhased(K2JVMCompiler.kt:78)
	at org.jetbrains.kotlin.cli.jvm.K2JVMCompiler.doExecutePhased(K2JVMCompiler.kt:44)
	at org.jetbrains.kotlin.cli.common.CLICompiler.execImpl(CLICompiler.kt:90)
	at org.jetbrains.kotlin.cli.common.CLICompiler.exec(CLICompiler.kt:352)
	at org.jetbrains.kotlin.incremental.IncrementalJvmCompilerRunnerBase.runCompiler(IncrementalJvmCompilerRunnerBase.kt:175)
	at org.jetbrains.kotlin.incremental.IncrementalJvmCompilerRunnerBase.runCompiler(IncrementalJvmCompilerRunnerBase.kt:38)
	at org.jetbrains.kotlin.incremental.IncrementalCompilerRunner.doCompile(IncrementalCompilerRunner.kt:504)
	at org.jetbrains.kotlin.incremental.IncrementalCompilerRunner.compileImpl(IncrementalCompilerRunner.kt:421)
	at org.jetbrains.kotlin.incremental.IncrementalCompilerRunner.compileNonIncrementally(IncrementalCompilerRunner.kt:306)
	at org.jetbrains.kotlin.incremental.IncrementalCompilerRunner.compile(IncrementalCompilerRunner.kt:133)
	at org.jetbrains.kotlin.daemon.CompileServiceImplBase.execIncrementalCompiler(CompileServiceImpl.kt:679)
	at org.jetbrains.kotlin.daemon.CompileServiceImplBase.access$execIncrementalCompiler(CompileServiceImpl.kt:93)
	at org.jetbrains.kotlin.daemon.CompileServiceImpl.compile(CompileServiceImpl.kt:1806)
	at java.base/jdk.internal.reflect.DirectMethodHandleAccessor.invoke(Unknown Source)
	at java.base/java.lang.reflect.Method.invoke(Unknown Source)
	at java.rmi/sun.rmi.server.UnicastServerRef.dispatch(Unknown Source)
	at java.rmi/sun.rmi.transport.Transport$1.run(Unknown Source)
	at java.rmi/sun.rmi.transport.Transport$1.run(Unknown Source)
	at java.base/java.security.AccessController.doPrivileged(Unknown Source)
	at java.rmi/sun.rmi.transport.Transport.serviceCall(Unknown Source)
	at java.rmi/sun.rmi.transport.tcp.TCPTransport.handleMessages(Unknown Source)
	at java.rmi/sun.rmi.transport.tcp.TCPTransport$ConnectionHandler.run0(Unknown Source)
	at java.rmi/sun.rmi.transport.tcp.TCPTransport$ConnectionHandler.lambda$run$0(Unknown Source)
	at java.base/java.security.AccessController.doPrivileged(Unknown Source)
	at java.rmi/sun.rmi.transport.tcp.TCPTransport$ConnectionHandler.run(Unknown Source)
	at java.base/java.util.concurrent.ThreadPoolExecutor.runWorker(Unknown Source)
	at java.base/java.util.concurrent.ThreadPoolExecutor$Worker.run(Unknown Source)
	at java.base/java.lang.Thread.run(Unknown Source)
Caused by: org.jetbrains.kotlin.codegen.CompilationException: Back-end (JVM) Internal error: Couldn't inline method call: CALL 'public final fun remember <T> (key1: kotlin.Any?, key2: kotlin.Any?, calculation: @[DisallowComposableCalls] kotlin.Function0<T of androidx.compose.runtime.ComposablesKt.remember>): T of androidx.compose.runtime.ComposablesKt.remember [inline] declared in androidx.compose.runtime.ComposablesKt' type=com.inc.adv.draggabledaterangepicker.model.CalendarTextStyles origin=null
Method: null
File is unknown
The root cause java.lang.IllegalStateException was thrown at: org.jetbrains.kotlin.codegen.inline.SourceCompilerForInlineKt.getMethodNode(SourceCompilerForInline.kt:129)
	at org.jetbrains.kotlin.backend.jvm.codegen.IrInlineCodegen.genInlineCall(IrInlineCodegen.kt:82)
	at org.jetbrains.kotlin.backend.jvm.codegen.IrInlineCallGenerator.genCall(IrInlineCallGenerator.kt:36)
	at org.jetbrains.kotlin.backend.jvm.codegen.ExpressionCodegen.visitCall(ExpressionCodegen.kt:586)
	at org.jetbrains.kotlin.backend.jvm.codegen.ExpressionCodegen.visitCall(ExpressionCodegen.kt:135)
	at org.jetbrains.kotlin.ir.expressions.IrCall.accept(IrCall.kt:24)
	at org.jetbrains.kotlin.backend.jvm.codegen.ExpressionCodegen.visitVariable(ExpressionCodegen.kt:725)
	at org.jetbrains.kotlin.backend.jvm.codegen.ExpressionCodegen.visitVariable(ExpressionCodegen.kt:135)
	at org.jetbrains.kotlin.ir.declarations.IrVariable.accept(IrVariable.kt:36)
	at org.jetbrains.kotlin.backend.jvm.codegen.ExpressionCodegen.visitStatementContainer(ExpressionCodegen.kt:527)
	at org.jetbrains.kotlin.backend.jvm.codegen.ExpressionCodegen.visitBlockBody(ExpressionCodegen.kt:532)
	at org.jetbrains.kotlin.backend.jvm.codegen.ExpressionCodegen.visitBlockBody(ExpressionCodegen.kt:135)
	at org.jetbrains.kotlin.ir.expressions.IrBlockBody.accept(IrBlockBody.kt:20)
	at org.jetbrains.kotlin.backend.jvm.codegen.ExpressionCodegen.generate(ExpressionCodegen.kt:233)
	at org.jetbrains.kotlin.backend.jvm.codegen.FunctionCodegen.doGenerate(FunctionCodegen.kt:126)
	at org.jetbrains.kotlin.backend.jvm.codegen.FunctionCodegen.generate(FunctionCodegen.kt:47)
	... 45 more
Caused by: java.lang.IllegalStateException: couldn't find inline method Landroidx/compose/runtime/ComposablesKt;.remember(Ljava/lang/Object;Ljava/lang/Object;Lkotlin/jvm/functions/Function0;)Ljava/lang/Object;
	at org.jetbrains.kotlin.codegen.inline.SourceCompilerForInlineKt.getMethodNode(SourceCompilerForInline.kt:129)
	at org.jetbrains.kotlin.codegen.inline.SourceCompilerForInlineKt.loadCompiledInlineFunction$lambda$2(SourceCompilerForInline.kt:98)
	at org.jetbrains.kotlin.codegen.inline.InlineCache.computeMethodBytes(InlineCache.kt:90)
	at org.jetbrains.kotlin.codegen.inline.SourceCompilerForInlineKt.loadCompiledInlineFunction(SourceCompilerForInline.kt:93)
	at org.jetbrains.kotlin.backend.jvm.codegen.IrSourceCompilerForInline.compileInlineFunction(IrSourceCompilerForInline.kt:96)
	at org.jetbrains.kotlin.backend.jvm.codegen.IrInlineCodegen.genInlineCall(IrInlineCodegen.kt:65)
	... 59 more


